1542592482064	mozrunner::runner	INFO	Running command: "D:\\software\\firefox\\firefox.exe" "-marionette" "-foreground" "-no-remote" "-profile" "C:\\Users\\10928\\AppData\\Local\\Temp\\rust_mozprofile.oI1GSLER9u1g"
1542592486378	Marionette	INFO	Listening on port 59425
1542592486415	Marionette	WARN	TLS certificate errors will be ignored for this session
JavaScript warning: https://qzonestyle.gtimg.cn/c/=/qzone/v8/engine/migrate-plugin.js,/qzone/v8/engine/console-plus/console-plus.js,/qzone/v8/engine/request/request_61221.js,/qzone/v8/core/interface_mini.js?max_age=60628, line 1504: unreachable code after return statement
JavaScript warning: https://qzonestyle.gtimg.cn/qzone/v8/ic/ic_feeds_monitor.js, line 7: unreachable code after return statement
JavaScript warning: https://qzonestyle.gtimg.cn/qzone/v6/qm/qm_100006.js?max_age=900, line 611: unreachable code after return statement
JavaScript warning: https://qzonestyle.gtimg.cn/c/=/qzone/v8/dress/xextend.js,/qzone/v8/dress/data.js,/qzone/v8/dress/viewbase.js,/qzone/v8/dress/dditem.js,/qzone/v8/dress/menuview_v8.js,/qzone/v8/dress/weather.js,/qzone/v8/dress/visitors.js, line 640: unreachable code after return statement
JavaScript warning: https://qzonestyle.gtimg.cn/qzone/photo/v7/js/common/qzone/common.js, line 4: unreachable code after return statement
JavaScript warning: https://qzonestyle.gtimg.cn/qzone/v8/animate/app_scroll.js, line 2: unreachable code after return statement
JavaScript warning: https://qzonestyle.gtimg.cn/qzone/photo/v7/js/common/qzone/common.js, line 4: unreachable code after return statement
JavaScript warning: https://qzonestyle.gtimg.cn/qzone/v8/ic/hotfeeds.js, line 330: unreachable code after return statement
JavaScript warning: https://qzonestyle.gtimg.cn/qzone/v8/index/like.js, line 25: unreachable code after return statement
JavaScript warning: https://qzonestyle.gtimg.cn/qzone/v8/ic/popbar.js, line 97: unreachable code after return statement
JavaScript warning: https://qzonestyle.gtimg.cn/qzone/v8/ic/popbar.js, line 97: unreachable code after return statement
1542592500248	Marionette	INFO	Stopped listening on port 59425
[Child 6432, Chrome_ChildThread] WARNING: pipe error: 109: file z:/build/build/src/ipc/chromium/src/chrome/common/ipc_channel_win.cc, line 346
[Child 6432, Chrome_ChildThread] WARNING: pipe error: 109: file z:/build/build/src/ipc/chromium/src/chrome/common/ipc_channel_win.cc, line 346
[Parent 4748, Gecko_IOThread] WARNING: pipe error: 109: file z:/build/build/src/ipc/chromium/src/chrome/common/ipc_channel_win.cc, line 346
[Chil[Parent 4748, Gecko_IOThread] WARNING: pipe error: 109: file z:/build/build/src/ipc/chromium/src/chrome/common/ipc_channel_win.cc, line 346
[Child 8808, Chrome_ChildThread] WARNING: pipe error: 109: file z:/build/build/src/ipc/chromium/src/chrome/common/ipc_channel_win.cc, line 346
[Child 88
###!!! [Child][RunMessage] Error: Channel closing: too late to send/recv, messages will be lost

[GPU 11012
###!!! [Child][MessageChannel::SendAndWait] Error: Channel error: cannot send/recv

1542592631237	mozrunner::runner	INFO	Running command: "D:\\software\\firefox\\firefox.exe" "-marionette" "-foreground" "-no-remote" "-profile" "C:\\Users\\10928\\AppData\\Local\\Temp\\rust_mozprofile.VuEzBaTof6RA"
[Child 7656, Chrome_ChildThread] WARNING: pipe error: 109: file z:/build/build/src/ipc/chromium/src/chrome/common/ipc_channel_win.cc, line 3461542592646166	Marionette	INFO	Stopped listening on port 59604
[Child 9684, Chrome_ChildThread] WARNING: pipe error: 109: file z:/build/build/src/ipc/cJavaScript warning: https://qzonestyle.gtimg.cn/c/=/qzone/v8/engine/migrate-plugin.js,/qzone/v8/engine/console-plus/console-plus.js,/qzone/v8/engine/request/request_61221.js,/qzone/v8/core/interface_mini.js?max_age=60628, line 1504: unreachable code after return statement
JavaScript warning: https://qzonestyle.gtimg.cn/qzone/v8/ic/ic_feeds_monitor.js, line 7: unreachable code after return statement
JavaScript warning: https://qzonestyle.gtimg.cn/qzone/v6/qm/qm_100006.js?max_age=900, line 611: unreachable code after return statement
JavaScript warning: https://qzonestyle.gtimg.cn/qzone/v8/animate/app_scroll.js, line 2: unreachable code after return statement
JavaScript warning: https://qzonestyle.gtimg.cn/qzone/photo/v7/js/common/qzone/common.js, line 4: unreachable code after return statement
JavaScript warning: https://qzonestyle.gtimg.cn/c/=/qzone/v8/dress/xextend.js,/qzone/v8/dress/data.js,/qzone/v8/dress/viewbase.js,/qzone/v8/dress/dditem.js,/qzone/v8/dress/menuview_v8.js,/qzone/v8/dress/weather.js,/qzone/v8/dress/visitors.js, line 640: unreachable code after return statement
JavaScript warning: https://qzonestyle.gtimg.cn/qzone/photo/v7/js/common/qzone/common.js, line 4: unreachable code after return statement
JavaScript warning: https://qzonestyle.gtimg.cn/qzone/v8/ic/hotfeeds.js, line 330: unreachable code after return statement
JavaScript warning: https://qzonestyle.gtimg.cn/qzone/v8/index/like.js, line 25: unreachable code after return statement
1542592653308	Marionette	INFO	Stopped listening on port 59622
[Child 9260, Chrome_ChildThread] WARNING: pipe error: 109: file z:/build/build/src/ipc/chromium/src/chrome/common/ipc_channel_win.cc, line 346
[Parent 4592, Gecko_IOThread] WARNING: pipe error: 109: file z:/build/build/src/ipc/chromium/src/chrome/common/ipc_channel_win.cc, line 346
[Child 3556, Chrome_ChildThread] WARNING: pipe error: 109: file z:/build/build/src/ipc/chromium/src/chrome/common/ipc_channel_win.cc, line 346
[Child 35
###!!! [Child][RunMessage] Error: Channel closing: too late to send/recv, messages will be lost

[GP
###!!! [Child][MessageChannel::SendAndWait] Error: Channel error: cannot send/recv

1542592711517	mozrunner::runner	INFO	Running command: "D:\\software\\firefox\\firefox.exe" "-marionette" "-foreground" "-no-remote" "-profile" "C:\\Users\\10928\\AppData\\Local\\Temp\\rust_mozprofile.TSQx5a0Oica7"
1542592715700	Marionette	INFO	Listening on port 59896
1542592715852	Marionette	WARN	TLS certificate errors will be ignored for this session
JavaScript warning: https://qzonestyle.gtimg.cn/c/=/qzone/v8/engine/migrate-plugin.js,/qzone/v8/engine/console-plus/console-plus.js,/qzone/v8/engine/request/request_61221.js,/qzone/v8/core/interface_mini.js?max_age=60628, line 1504: unreachable code after return statement
JavaScript warning: https://qzonestyle.gtimg.cn/qzone/v8/ic/ic_feeds_monitor.js, line 7: unreachable code after return statement
JavaScript warning: https://qzonestyle.gtimg.cn/qzone/v6/qm/qm_100006.js?max_age=900, line 611: unreachable code after return statement
JavaScript warning: https://qzonestyle.gtimg.cn/qzone/v8/animate/app_scroll.js, line 2: unreachable code after return statement
JavaScript warning: https://qzonestyle.gtimg.cn/qzone/photo/v7/js/common/qzone/common.js, line 4: unreachable code after return statement
JavaScript warning: https://qzonestyle.gtimg.cn/c/=/qzone/v8/dress/xextend.js,/qzone/v8/dress/data.js,/qzone/v8/dress/viewbase.js,/qzone/v8/dress/dditem.js,/qzone/v8/dress/menuview_v8.js,/qzone/v8/dress/weather.js,/qzone/v8/dress/visitors.js, line 640: unreachable code after return statement
JavaScript warning: https://qzonestyle.gtimg.cn/qzone/photo/v7/js/common/qzone/common.js, line 4: unreachable code after return statement
JavaScript warning: https://qzonestyle.gtimg.cn/qzone/v8/ic/hotfeeds.js, line 330: unreachable code after return statement
JavaScript warning: https://qzonestyle.gtimg.cn/qzone/v8/index/like.js, line 25: unreachable code after return statement
JavaScript warning: https://qzonestyle.gtimg.cn/qzone/v8/ic/popbar.js, line 97: unreachable code after return statement
JavaScript warning: https://qzonestyle.gtimg.cn/qzone/v8/ic/popbar.js, line 97: unreachable code after return statement
1542592726543	Marionette	INFO	Stopped listening on port 59896
[Parent 7812, Gecko_IOThread] WARNING: pipe error: 109: file z:/build/build/src/ipc/chromium/src/chrome/common/ipc_channel_win.cc, line 346
[Child 508, Chrome_ChildThread] WARNING: pipe error: 109: file z:/build/build/src/ipc/chromium/src/chrome/common/ipc_channel_win.cc, line 346
[Child 508, Chrome_ChildThread] WARNING: pipe error: 109: file z:/build/build/src/ipc/chromium/src/chrome/common/ipc_channel_winJavaScript error: resource://gre/modules/WebProgressChild.jsm, line 58: TypeError: this.mm.content is null
[Parent 7812, Gecko_IOThread] WARNING: pipe error: 109: file z:/build/build/src/ipc/chromium/src/chrome/common/ipc_channel_win.cc, line 346
[Child 2480, Chrome_ChildThread] WARNING: pipe error: 109: file z:/build/build/src/ipc/chromium/src/chrome/common/ipc_channel_win.cc, line 346
[Child 248
###!!! [Child][RunMessage] Error: Channel closing: too late to send/recv, messages will be lost

[
###!!! [Child][MessageChannel::SendAndWait] Error: Channel error: cannot send/recv

1542603707202	mozrunner::runner	INFO	Running command: "D:\\software\\firefox\\firefox.exe" "-marionette" "-foreground" "-no-remote" "-profile" "C:\\Users\\10928\\AppData\\Local\\Temp\\rust_mozprofile.IVjHXaaJyVY1"
1542603716531	Marionette	INFO	Listening on port 63011
1542603716694	Marionette	WARN	TLS certificate errors will be ignored for this session
JavaScript warning: https://qzonestyle.gtimg.cn/c/=/qzone/v8/engine/migrate-plugin.js,/qzone/v8/engine/console-plus/console-plus.js,/qzone/v8/engine/request/request_61221.js,/qzone/v8/core/interface_mini.js?max_age=60628, line 1504: unreachable code after return statement
JavaScript warning: https://qzonestyle.gtimg.cn/qzone/v8/ic/ic_feeds_monitor.js, line 7: unreachable code after return statement
JavaScript warning: https://qzonestyle.gtimg.cn/qzone/v6/qm/qm_100006.js?max_age=900, line 611: unreachable code after return statement
JavaScript warning: https://qzonestyle.gtimg.cn/qzone/v8/animate/app_scroll.js, line 2: unreachable code after return statement
JavaScript warning: https://qzonestyle.gtimg.cn/qzone/photo/v7/js/common/qzone/common.js, line 4: unreachable code after return statement
JavaScript warning: https://qzonestyle.gtimg.cn/c/=/qzone/v8/dress/xextend.js,/qzone/v8/dress/data.js,/qzone/v8/dress/viewbase.js,/qzone/v8/dress/dditem.js,/qzone/v8/dress/menuview_v8.js,/qzone/v8/dress/weather.js,/qzone/v8/dress/visitors.js, line 640: unreachable code after return statement
JavaScript warning: https://qzonestyle.gtimg.cn/qzone/photo/v7/js/common/qzone/common.js, line 4: unreachable code after return statement
JavaScript warning: https://qzonestyle.gtimg.cn/qzone/v8/ic/hotfeeds.js, line 330: unreachable code after return statement
JavaScript warning: https://qzonestyle.gtimg.cn/qzone/v8/index/like.js, line 25: unreachable code after return statement
1542603729012	Marionette	INFO	Stopped listening on port 63011
[Parent 11924, Gecko_IOThread] WARNING: pipe error: 109: file z:/build/build/src/ipc/chromium/src/chrome/common/ipc_channel_win.cc, line 346
[Child 2900, Chrome_ChildThread] WARNING: pipe error: 109: file z:/build/build/src/ipc/chromium/src/chrome/common/ipc_channel_win.cc, line 346
[Child 2900JavaScript error: resource://gre/modules/WebProgressChild.jsm, line 58: TypeError: this.mm.content is null
[Parent 11924, Gecko_IOThread] WARNING: pipe error: 109: file z:/build/build/src/ipc/chromium/src/chrome/common/ipc_channel_win.cc, line 346
[Child 6824, Chrome_ChildThread] WARNING: pipe error: 109: file z:/build/build/src/ipc/chromium/src/chrome/common/ipc_channel_win.cc, line 346
[Child 6824,
###!!! [Child][RunMessage] Error: Channel closing: too late to send/recv, messages will be lost

[GPU 9968, Chrome_
###!!! [Child][MessageChannel::SendAndWait] Error: Channel error: cannot send/recv

1542603832364	mozrunner::runner	INFO	Running command: "D:\\software\\firefox\\firefox.exe" "-marionette" "-foreground" "-no-remote" "-profile" "C:\\Users\\10928\\AppData\\Local\\Temp\\rust_mozprofile.CIYtjeKHCWfW"
1542603836742	Marionette	INFO	Listening on port 63347
1542603836756	Marionette	WARN	TLS certificate errors will be ignored for this session
JavaScript warning: https://qzonestyle.gtimg.cn/c/=/qzone/v8/engine/migrate-plugin.js,/qzone/v8/engine/console-plus/console-plus.js,/qzone/v8/engine/request/request_61221.js,/qzone/v8/core/interface_mini.js?max_age=60628, line 1504: unreachable code after return statement
JavaScript warning: https://qzonestyle.gtimg.cn/qzone/v8/ic/ic_feeds_monitor.js, line 7: unreachable code after return statement
JavaScript warning: https://qzonestyle.gtimg.cn/qzone/v6/qm/qm_100006.js?max_age=900, line 611: unreachable code after return statement
JavaScript warning: https://qzonestyle.gtimg.cn/qzone/photo/v7/js/common/qzone/common.js, line 4: unreachable code after return statement
JavaScript warning: https://qzonestyle.gtimg.cn/qzone/v8/animate/app_scroll.js, line 2: unreachable code after return statement
JavaScript warning: https://qzonestyle.gtimg.cn/c/=/qzone/v8/dress/xextend.js,/qzone/v8/dress/data.js,/qzone/v8/dress/viewbase.js,/qzone/v8/dress/dditem.js,/qzone/v8/dress/menuview_v8.js,/qzone/v8/dress/weather.js,/qzone/v8/dress/visitors.js, line 640: unreachable code after return statement
JavaScript warning: https://qzonestyle.gtimg.cn/qzone/photo/v7/js/common/qzone/common.js, line 4: unreachable code after return statement
JavaScript warning: https://qzonestyle.gtimg.cn/qzone/v8/ic/hotfeeds.js, line 330: unreachable code after return statement
JavaScript warning: https://qzonestyle.gtimg.cn/qzone/v8/index/like.js, line 25: unreachable code after return statement
1542603847773	Marionette	INFO	Stopped listening on port 63347
[Parent 9432, Gecko_IOThread] WARNING: pipe error: 109: file z:/build/build/src/ipc/chromium/src/chrome/common/ipc_channel_win.cc, line 346
[Parent 9432, Gecko_IOThread] WARNING: file z:/build/build/src/ipc/chromium/src/base/process_util_win.cc, line 188

###!!! [Child][RunMessage] Error: Channel closing: too late to send/recv, messages will be lost


###!!! [Child][RunMessage] Error: Channel closing: too late to send/recv, messages will be lost


###!!! [Child][RunMessage] Error: Channel closing: too late to send/recv, messages will be lost


###!!! [Child][RunMessage] Error: Channel closing: too late to send/recv, messages will be lost

[Parent 9432, Gecko_IOThread] WARNING: pipe error: 109: file z:/build/build/src/ipc/chromium/src/chrome/common/ipc_channel_win.cc, line 346

###!!! [Child][RunMessage] Error: Channel closing: too late to send/recv, messages will be lost

[GPU 5656
###!!! [Child][MessageChannel::SendAndWait] Error: Channel error: cannot send/recv

1542604103793	mozrunner::runner	INFO	Running command: "D:\\software\\firefox\\firefox.exe" "-marionette" "-foreground" "-no-remote" "-profile" "C:\\Users\\10928\\AppData\\Local\\Temp\\rust_mozprofile.ARbDJdzvgL5e"
1542604108248	Marionette	INFO	Listening on port 63917
1542604108742	Marionette	WARN	TLS certificate errors will be ignored for this session
JavaScript warning: https://qzonestyle.gtimg.cn/c/=/qzone/v8/engine/migrate-plugin.js,/qzone/v8/engine/console-plus/console-plus.js,/qzone/v8/engine/request/request_61221.js,/qzone/v8/core/interface_mini.js?max_age=60628, line 1504: unreachable code after return statement
JavaScript warning: https://qzonestyle.gtimg.cn/qzone/v8/ic/ic_feeds_monitor.js, line 7: unreachable code after return statement
JavaScript warning: https://qzonestyle.gtimg.cn/qzone/v6/qm/qm_100006.js?max_age=900, line 611: unreachable code after return statement
JavaScript warning: https://qzonestyle.gtimg.cn/qzone/v8/animate/app_scroll.js, line 2: unreachable code after return statement
JavaScript warning: https://qzonestyle.gtimg.cn/qzone/photo/v7/js/common/qzone/common.js, line 4: unreachable code after return statement
JavaScript warning: https://qzonestyle.gtimg.cn/c/=/qzone/v8/dress/xextend.js,/qzone/v8/dress/data.js,/qzone/v8/dress/viewbase.js,/qzone/v8/dress/dditem.js,/qzone/v8/dress/menuview_v8.js,/qzone/v8/dress/weather.js,/qzone/v8/dress/visitors.js, line 640: unreachable code after return statement
JavaScript warning: https://qzonestyle.gtimg.cn/qzone/photo/v7/js/common/qzone/common.js, line 4: unreachable code after return statement
JavaScript warning: https://qzonestyle.gtimg.cn/qzone/v8/ic/hotfeeds.js, line 330: unreachable code after return statement
JavaScript warning: https://qzonestyle.gtimg.cn/qzone/v8/index/like.js, line 25: unreachable code after return statement
JavaScript warning: https://qzonestyle.gtimg.cn/qzone/photo/v7/js/common/viewer2/index.js, line 254: unreachable code after return statement
console.error: BroadcastService: 
  receivedBroadcastMessage: handler for
  remote-settings/monitor_changes
  threw error:
  Message: Error: Polling for changes failed: NetworkError when attempting to fetch resource..
  Stack:
    remoteSettingsFunction/remoteSettings.pollChanges@resource://services-settings/remote-settings.js:721:13

[Parent 9228, Gecko_IOThread] WARNING: pipe error: 109: file z:/build/build/src/ipc/chromium/src/chrome/common/ipc_channel_win.cc, line 346
[Child 8212, Chrome_ChildThread] WARNING: pipe error: 109: file z:/build/build/src/ipc/chromium/src/chrome/common/ipc_channel_win.cc, line 346
[Child1542604615675	Marionette	INFO	Stopped listening on port 63917

###!!! [Child][RunMessage] Error: Channel closing: too late to send/recv, messages will be lost

[GPU 9064, Chrome_ChildThread] WARNING: pipe error: 109: file z:/build/build/src/ipc/chromium/src/chrome/common/ipc_channel_win.cc, line 346

###!!! [Child][MessageChannel::SendAndWait] Error: Channel error: cannot send/recv

one/v8/dress/dditem.js,/qzone/v8/dress/menuview_v8.js,/qzone/v8/dress/weather.js,/qzone/v8/dress/visitors.js, line 640: unreachable code after return statement
JavaScript warning: https://qzonestyle.gtimg.cn/qzone/v8/animate/app_scroll.js, line 2: unreachable code after return statement
JavaScript warning: https://qzonestyle.gtimg.cn/qzone/photo/v7/js/common/qzone/common.js, line 4: unreachable code after return statement
JavaScript warning: https://qzonestyle.gtimg.cn/qzone/photo/v7/js/common/qzone/common.js, line 4: unreachable code after return statement
JavaScript warning: https://qzonestyle.gtimg.cn/qzone/v8/ic/hotfeeds.js, line 330: unreachable code after return statement
JavaScript warning: https://qzonestyle.gtimg.cn/qzone/v8/index/like.js, line 25: unreachable code after return statement
1542604210664	Marionette	INFO	Stopped listening on port 64215
[Parent 10204, Gecko_IOThread] WARNING: pipe error: 109: file z:/build/build/src/ipc/chromium/src/chrome/common/ipc_channel_win.cc, line 346
[Child 9648, Chrome_ChildThread] WARNING: pipe error: 109: file z:/build/build/src/ipc/chromium/src/chrome/common/ipc_channel_win.cc, line 346
[Child 9648, Chrome_ChildThread] WARNING: pipe error: 109: file z:/build/build/src/ipc/chromium/src/chrome/common/ipc_channel_win.cc, line 346
JavaScript error: resource://gre/modules/WebProgressChild.jsm, line 58: TypeError: this.mm.content is null
[Child 7344, Chrome_ChildThread] WARNING: pipe error: 109: file z:/build/build/src/ipc/chromium/src/chrome/common/ipc_channel_win.cc, line 346
[Child 7344, Chrome_ChildThread] WARNING: pipe[Parent 10204, Gecko_IOThread] WARNING: pipe error: 109: file z:/build/build/src/ipc/chromium/src/chrome/common/ipc_channel_win.cc, line 346
[Child 1968, Chrome_ChildThread] WARNING: pipe error: 109: file z:/build/build/src/ipc/chromium/src/chrome/common/ipc_channel_win.cc, line 346
[Chil[GPU 6624, Chro
###!!! [Child][MessageChannel::SendAndWait] Error: Channel error: cannot send/recv

1542604379224	mozrunner::runner	INFO	Running command: "D:\\software\\firefox\\firefox.exe" "-marionette" "-foreground" "-no-remote" "-profile" "C:\\Users\\10928\\AppData\\Local\\Temp\\rust_mozprofile.8OpSWrD9CKyY"
1542604383507	Marionette	INFO	Listening on port 64651
1542604383570	Marionette	WARN	TLS certificate errors will be ignored for this session
JavaScript warning: https://qzonestyle.gtimg.cn/c/=/qzone/v8/engine/migrate-plugin.js,/qzone/v8/engine/console-plus/console-plus.js,/qzone/v8/engine/request/request_61221.js,/qzone/v8/core/interface_mini.js?max_age=60628, line 1504: unreachable code after return statement
JavaScript warning: https://qzonestyle.gtimg.cn/qzone/v8/ic/ic_feeds_monitor.js, line 7: unreachable code after return statement
JavaScript warning: https://qzonestyle.gtimg.cn/qzone/v6/qm/qm_100006.js?max_age=900, line 611: unreachable code after return statement
JavaScript warning: https://qzonestyle.gtimg.cn/qzone/v8/animate/app_scroll.js, line 2: unreachable code after return statement
JavaScript warning: https://qzonestyle.gtimg.cn/qzone/photo/v7/js/common/qzone/common.js, line 4: unreachable code after return statement
JavaScript warning: https://qzonestyle.gtimg.cn/c/=/qzone/v8/dress/xextend.js,/qzone/v8/dress/data.js,/qzone/v8/dress/viewbase.js,/qzone/v8/dress/dditem.js,/qzone/v8/dress/menuview_v8.js,/qzone/v8/dress/weather.js,/qzone/v8/dress/visitors.js, line 640: unreachable code after return statement
JavaScript warning: https://qzonestyle.gtimg.cn/qzone/photo/v7/js/common/qzone/common.js, line 4: unreachable code after return statement
JavaScript warning: https://qzonestyle.gtimg.cn/qzone/v8/ic/hotfeeds.js, line 330: unreachable code after return statement
JavaScript warning: https://qzonestyle.gtimg.cn/qzone/v8/index/like.js, line 25: unreachable code after return statement
1542604395834	Marionette	INFO	Stopped listening on port 64651
JavaScript error: resource://gre/modules/WebProgressChild.jsm, line 58: TypeError: this.mm.content is null
[Parent 4400, Gecko_IOThread] WARNING: pipe error: 109: file z:/build/build/src/ipc/chromium/src/chrome/common/ipc_channel_win.cc, line 346

###!!! [Child][RunMessage] Error: Channel closing: too late to send/recv, messages will be lost


###!!! [Child][RunMessage] Error: Channel closing: too late to send/recv, messages will be lost

[Parent 4400, Gecko_IOThread] WARNING: pipe error: 109: file z:/build/build/src/ipc/chromium/src/chrome/common/ipc_channel_win.cc, line 346
[Child 4248, Chrome_ChildThread] WARNING: pipe error: 109: file z:/build/build/src/ipc/chromium/src/chrome/common/ipc_channel_win.cc, line 346
[Child 4248,
###!!! [Child][RunMessage] Error: Channel closing: too late to send/recv, messages will be lost

[GPU 12176
###!!! [Child][MessageChannel::SendAndWait] Error: Channel error: cannot send/recv

1542604613195	mozrunner::runner	INFO	Running command: "D:\\software\\firefox\\firefox.exe" "-marionette" "-foreground" "-no-remote" "-profile" "C:\\Users\\10928\\AppData\\Local\\Temp\\rust_mozprofile.4tz544vAaka9"
1542604618329	Marionette	INFO	Listening on port 65150
1542604618682	Marionette	WARN	TLS certificate errors will be ignored for this session
JavaScript warning: https://qzonestyle.gtimg.cn/c/=/qzone/v8/engine/migrate-plugin.js,/qzone/v8/engine/console-plus/console-plus.js,/qzone/v8/engine/request/request_61221.js,/qzone/v8/core/interface_mini.js?max_age=60628, line 1504: unreachable code after return statement
JavaScript warning: https://qzonestyle.gtimg.cn/qzone/v8/ic/ic_feeds_monitor.js, line 7: unreachable code after return statement
JavaScript warning: https://qzonestyle.gtimg.cn/qzone/v6/qm/qm_100006.js?max_age=900, line 611: unreachable code after return statement
JavaScript warning: https://qzonestyle.gtimg.cn/qzone/v8/animate/app_scroll.js, line 2: unreachable code after return statement
JavaScript warning: https://qzonestyle.gtimg.cn/qzone/photo/v7/js/common/qzone/common.js, line 4: unreachable code after return statement
JavaScript warning: https://qzonestyle.gtimg.cn/c/=/qzone/v8/dress/xextend.js,/qzone/v8/dress/data.js,/qzone/v8/dress/viewbase.js,/qzone/v8/dress/dditem.js,/qzone/v8/dress/menuview_v8.js,/qzone/v8/dress/weather.js,/qzone/v8/dress/visitors.js, line 640: unreachable code after return statement
JavaScript warning: https://qzonestyle.gtimg.cn/qzone/photo/v7/js/common/qzone/common.js, line 4: unreachable code after return statement
JavaScript warning: https://qzonestyle.gtimg.cn/qzone/v8/ic/hotfeeds.js, line 330: unreachable code after return statement
JavaScript warning: https://qzonestyle.gtimg.cn/qzone/v8/index/like.js, line 25: unreachable code after return statement
1542604628878	Marionette	INFO	Stopped listening on port 65150
[Parent 9940, Gecko_IOThread] WARNING: pipe error: 109: file z:/build/build/src/ipc/chromium/src/chrome/common/ipc_channel_win.cc, line 346
[Parent 9940, Gecko_IOThread] WARNING: pipe error: 109: file z:/build/build/src/ipc/chromium/src/chrome/common/ipc_channel_win.cc, line 346
[Child 11520, Chrome_ChildThread] WARNING: pipe error: 109: file z:/build/build/src/ipc/chromium/src/chrome/common/ipc_channel_win.cc, line 346
[Child 11520, Ch[Parent 9940, Gecko_IOThread] WARNING: pipe error: 109: file z:/build/build/src/ipc/chromium/src/chrome/common/ipc_channel_win.cc, line 346

###!!! [Child][RunMessage] Error: Channel closing: too late to send/recv, messages will be lost

[G
###!!! [Child][MessageChannel::SendAndWait] Error: Channel error: cannot send/recv

1542605081990	mozrunner::runner	INFO	Running command: "D:\\software\\firefox\\firefox.exe" "-marionette" "-foreground" "-no-remote" "-profile" "C:\\Users\\10928\\AppData\\Local\\Temp\\rust_mozprofile.A3k8okorYmPa"
1542605086147	Marionette	INFO	Listening on port 49659
1542605086349	Marionette	WARN	TLS certificate errors will be ignored for this session
JavaScript warning: https://qzonestyle.gtimg.cn/c/=/qzone/v8/engine/migrate-plugin.js,/qzone/v8/engine/console-plus/console-plus.js,/qzone/v8/engine/request/request_61221.js,/qzone/v8/core/interface_mini.js?max_age=60628, line 1504: unreachable code after return statement
JavaScript warning: https://qzonestyle.gtimg.cn/qzone/v8/ic/ic_feeds_monitor.js, line 7: unreachable code after return statement
JavaScript warning: https://qzonestyle.gtimg.cn/qzone/v6/qm/qm_100006.js?max_age=900, line 611: unreachable code after return statement
JavaScript warning: https://qzonestyle.gtimg.cn/qzone/v8/animate/app_scroll.js, line 2: unreachable code after return statement
JavaScript warning: https://qzonestyle.gtimg.cn/qzone/photo/v7/js/common/qzone/common.js, line 4: unreachable code after return statement
JavaScript warning: https://qzonestyle.gtimg.cn/c/=/qzone/v8/dress/xextend.js,/qzone/v8/dress/data.js,/qzone/v8/dress/viewbase.js,/qzone/v8/dress/dditem.js,/qzone/v8/dress/menuview_v8.js,/qzone/v8/dress/weather.js,/qzone/v8/dress/visitors.js, line 640: unreachable code after return statement
JavaScript warning: https://qzonestyle.gtimg.cn/qzone/photo/v7/js/common/qzone/common.js, line 4: unreachable code after return statement
JavaScript warning: https://qzonestyle.gtimg.cn/qzone/v8/ic/hotfeeds.js, line 330: unreachable code after return statement
1542605096081	Marionette	INFO	Stopped listening on port 49659
[Parent 5284, Gecko_IOThread] WARNING: pipe error: 109: file z:/build/build/src/ipc/chromium/src/chrome/common/ipc_channel_win.cc, line 346
[Child 4028, Chrome_ChildThread] WARNING: pipe error: 109: file z:/build/build/src/ipc/chromium/src/chrome/common/ipc_channel_win.cc, line 346
[Child 4028, Chrome_ChildThread] WARNING: pipe error: 109: file z:/build/build/src/ipc/chromium/src/chrome/common/ipc_channel_win.cc, line 346
JavaScript error: https://qzonestyle.gtimg.cn/ac/qzone/qzfl/qzfl_v8_2.1.65.js, line 90: NS_ERROR_NOT_INITIALIZED: 
JavaScript error: https://qzonestyle.gtimg.cn/c/=/qzone/v8/engine/cpu.js,/qzone/v8/ic/qm.js,/qzone/v8/ic/tab_menu.js,/qzone/v8/ic/feeds.js,/qzone/v8/ic/tab_friend_feed.js,/qzone/v8/toolbar/core.js?max_age=80206, line 24: NS_ERROR_NOT_INITIALIZED: 
JavaScript error: https://qzonestyle.gtimg.cn/ac/qzone/qzfl/qzfl_v8_2.1.65.js, line 90: NS_ERROR_NOT_INITIALIZED: 

###!!! [Child][MessageChannel] Error: (msgtype=0x4C000E,name=PHttpChannel::Msg_DeletingChannel) Channel closing: too late to send/recv, messages will be lost


###!!! [Child][MessageChannel] Error: (msgtype=0x3000BB,name=PContent::Msg_ScriptError) Channel closing: too late to send/recv, messages will be lost


###!!! [Child][RunMessage] Error: Channel closing: too late to send/recv, messages will be lost


###!!! [Child][MessageChannel] Error: (msgtype=0x3000BB,name=PContent::Msg_ScriptError) Channel closing: too late to send/recv, messages will be lost


###!!! [Child][MessageChannel] Error: (msgtype=0x3000BB,name=PContent::Msg_ScriptError) Channel closing: too late to send/recv, messages will be lost


###!!! [Child][RunMessage] Error: Channel closing: too late to send/recv, messages will be lost


###!!! [Child][RunMessage] Error: Channel closing: too late to send/recv, messages will be lost

[Parent 5284, Gecko_IOThread] WARNING: pipe error: 109: file z:/build/build/src/ipc/chromium/src/chrome/common/ipc_channel_win.cc, line 346

###!!! [Child][RunMessage] Error: Channel closing: too late to send/recv, messages will be lost

[GPU 4
###!!! [Child][MessageChannel::SendAndWait] Error: Channel error: cannot send/recv

1542605164530	mozrunner::runner	INFO	Running command: "D:\\software\\firefox\\firefox.exe" "-marionette" "-foreground" "-no-remote" "-profile" "C:\\Users\\10928\\AppData\\Local\\Temp\\rust_mozprofile.YN49lc7V4fXk"
1542605168848	Marionette	INFO	Listening on port 49916
1542605168962	Marionette	WARN	TLS certificate errors will be ignored for this session
JavaScript warning: https://qzonestyle.gtimg.cn/c/=/qzone/v8/engine/migrate-plugin.js,/qzone/v8/engine/console-plus/console-plus.js,/qzone/v8/engine/request/request_61221.js,/qzone/v8/core/interface_mini.js?max_age=60628, line 1504: unreachable code after return statement
JavaScript warning: https://qzonestyle.gtimg.cn/qzone/v8/ic/ic_feeds_monitor.js, line 7: unreachable code after return statement
JavaScript warning: https://qzonestyle.gtimg.cn/qzone/v6/qm/qm_100006.js?max_age=900, line 611: unreachable code after return statement
JavaScript warning: https://qzonestyle.gtimg.cn/c/=/qzone/v8/dress/xextend.js,/qzone/v8/dress/data.js,/qzone/v8/dress/viewbase.js,/qzone/v8/dress/dditem.js,/qzone/v8/dress/menuview_v8.js,/qzone/v8/dress/weather.js,/qzone/v8/dress/visitors.js, line 640: unreachable code after return statement
JavaScript warning: https://qzonestyle.gtimg.cn/qzone/v8/animate/app_scroll.js, line 2: unreachable code after return statement
JavaScript warning: https://qzonestyle.gtimg.cn/qzone/photo/v7/js/common/qzone/common.js, line 4: unreachable code after return statement
JavaScript warning: https://qzonestyle.gtimg.cn/qzone/photo/v7/js/common/qzone/common.js, line 4: unreachable code after return statement
JavaScript warning: https://qzonestyle.gtimg.cn/qzone/v8/ic/hotfeeds.js, line 330: unreachable code after return statement
JavaScript warning: https://qzonestyle.gtimg.cn/qzone/v8/index/like.js, line 25: unreachable code after return statement
JavaScript warning: https://qzonestyle.gtimg.cn/qzone/v8/ic/popbar.js, line 97: unreachable code after return statement
JavaScript warning: https://qzonestyle.gtimg.cn/qzone/v8/ic/popbar.js, line 97: unreachable code after return statement
1542605179573	Marionette	INFO	Stopped listening on port 49916
[Parent 11796, Gecko_IOThread] WARNING: pipe error: 109: file z:/build/build/src/ipc/chromium/src/chrome/common/ipc_channel_win.cc, line 346
[Child 9640, Chrome_ChildThread] WARNING: pipe error: 109: file z:/build/build/src/ipc/chromium/src/chrome/common/ipc_channel_win.cc, line 346
[Child 9640JavaScript error: https://qzonestyle.gtimg.cn/ac/qzone/qzfl/qzfl_v8_2.1.65.js, line 90: NS_ERROR_NOT_INITIALIZED: 
[Child 8704, Chrome_ChildThread] WARNING: pipe error: 109: file z:/build/build/src/ipc/chromium/src/chrome/common/ipc_channel_win.cc, line 346
[Child 8704, C[Parent 11796, Gecko_IOThread] WARNING: pipe error: 109: file z:/build/build/src/ipc/chromium/src/chrome/common/ipc_channel_win.cc, line 346

###!!! [Child][RunMessage] Error: Channel closing: too late to send/recv, messages will be lost

[GPU 7852, Chro
###!!! [Child][MessageChannel::SendAndWait] Error: Channel error: cannot send/recv

1542605231282	mozrunner::runner	INFO	Running command: "D:\\software\\firefox\\firefox.exe" "-marionette" "-foreground" "-no-remote" "-profile" "C:\\Users\\10928\\AppData\\Local\\Temp\\rust_mozprofile.igjhIu8sGflc"
1542605235794	Marionette	INFO	Listening on port 50142
1542605236241	Marionette	WARN	TLS certificate errors will be ignored for this session
JavaScript warning: https://qzonestyle.gtimg.cn/c/=/qzone/v8/engine/migrate-plugin.js,/qzone/v8/engine/console-plus/console-plus.js,/qzone/v8/engine/request/request_61221.js,/qzone/v8/core/interface_mini.js?max_age=60628, line 1504: unreachable code after return statement
JavaScript warning: https://qzonestyle.gtimg.cn/qzone/v8/ic/ic_feeds_monitor.js, line 7: unreachable code after return statement
JavaScript warning: https://qzonestyle.gtimg.cn/qzone/v6/qm/qm_100006.js?max_age=900, line 611: unreachable code after return statement
JavaScript warning: https://qzonestyle.gtimg.cn/qzone/v8/animate/app_scroll.js, line 2: unreachable code after return statement
JavaScript warning: https://qzonestyle.gtimg.cn/qzone/photo/v7/js/common/qzone/common.js, line 4: unreachable code after return statement
JavaScript warning: https://qzonestyle.gtimg.cn/c/=/qzone/v8/dress/xextend.js,/qzone/v8/dress/data.js,/qzone/v8/dress/viewbase.js,/qzone/v8/dress/dditem.js,/qzone/v8/dress/menuview_v8.js,/qzone/v8/dress/weather.js,/qzone/v8/dress/visitors.js, line 640: unreachable code after return statement
JavaScript warning: https://qzonestyle.gtimg.cn/qzone/photo/v7/js/common/qzone/common.js, line 4: unreachable code after return statement
JavaScript warning: https://qzonestyle.gtimg.cn/qzone/v8/ic/hotfeeds.js, line 330: unreachable code after return statement
1542605246651	Marionette	INFO	Stopped listening on port 50142
JavaScript error: https://qzonestyle.gtimg.cn/ac/qzone/qzfl/qzfl_v8_2.1.65.js, line 90: NS_ERROR_NOT_INITIALIZED: 
[Parent 10440, Gecko_IOThread] WARNING: pipe error: 109: file z:/build/build/src/ipc/chromium/src/chrome/common/ipc_channel_win.cc, line 346
[Child 9196, Chrome_ChildThread] WARNING: pipe error: 109: file z:/build/build/src/ipc/chromium/src/chrome/common/ipc_channel_win.cc, line 346
[Child 9196, Chrome_Child
###!!! [Child][RunMessage] Error: Channel closing: too late to send/recv, messages will be lost

[G
###!!! [Child][MessageChannel::SendAndWait] Error: Channel error: cannot send/recv

1542605382450	mozrunner::runner	INFO	Running command: "D:\\software\\firefox\\firefox.exe" "-marionette" "-foreground" "-no-remote" "-profile" "C:\\Users\\10928\\AppData\\Local\\Temp\\rust_mozprofile.E4tGz2IdVCTq"
1542605386503	Marionette	INFO	Listening on port 50505
1542605386809	Marionette	WARN	TLS certificate errors will be ignored for this session
JavaScript warning: https://qzonestyle.gtimg.cn/c/=/qzone/v8/engine/migrate-plugin.js,/qzone/v8/engine/console-plus/console-plus.js,/qzone/v8/engine/request/request_61221.js,/qzone/v8/core/interface_mini.js?max_age=60628, line 1504: unreachable code after return statement
JavaScript warning: https://qzonestyle.gtimg.cn/qzone/v8/ic/ic_feeds_monitor.js, line 7: unreachable code after return statement
JavaScript warning: https://qzonestyle.gtimg.cn/qzone/v6/qm/qm_100006.js?max_age=900, line 611: unreachable code after return statement
JavaScript warning: https://qzonestyle.gtimg.cn/qzone/photo/v7/js/common/qzone/common.js, line 4: unreachable code after return statement
JavaScript warning: https://qzonestyle.gtimg.cn/qzone/v8/animate/app_scroll.js, line 2: unreachable code after return statement
JavaScript warning: https://qzonestyle.gtimg.cn/c/=/qzone/v8/dress/xextend.js,/qzone/v8/dress/data.js,/qzone/v8/dress/viewbase.js,/qzone/v8/dress/dditem.js,/qzone/v8/dress/menuview_v8.js,/qzone/v8/dress/weather.js,/qzone/v8/dress/visitors.js, line 640: unreachable code after return statement
JavaScript warning: https://qzonestyle.gtimg.cn/qzone/photo/v7/js/common/qzone/common.js, line 4: unreachable code after return statement
JavaScript warning: https://qzonestyle.gtimg.cn/qzone/v8/ic/hotfeeds.js, line 330: unreachable code after return statement
JavaScript warning: https://qzonestyle.gtimg.cn/qzone/v8/index/like.js, line 25: unreachable code after return statement
JavaScript warning: https://qzonestyle.gtimg.cn/qzone/v8/ic/popbar.js, line 97: unreachable code after return statement
JavaScript warning: https://qzonestyle.gtimg.cn/qzone/v8/ic/popbar.js, line 97: unreachable code after return statement
1542605399591	Marionette	INFO	Stopped listening on port 50505
[Child 212, Chrome_ChildThread] WARNING: pipe error: 109: file z:/build/build/src/ipc/chromium/src/chrome/common/ipc_channel_win.cc, line 346
[Child 212, Chrome_Child[Parent 10012, Gecko_IOThread] WARNING: pipe error: 109: file z:/build/build/src/ipc/chromium/src/chrome/common/ipc_channel_win.cc, line 346
[Child 9476, Chrome_ChildThread] WARNING: pipe error: 109: file z:/build/build/src/ipc/chromium/src/chrome/common/ipc_channel_win.cc, line 346
[Child 9476, C[Parent 10012, Gecko_IOThread] WARNING: pipe error: 109: file z:/build/build/src/ipc/chromium/src/chrome/common/ipc_channel_win.cc, line 346
[Child 6388, Chrome_ChildThread] WARNING: pipe error: 109: file z:/build/build/src/ipc/chromium/src/chrome/common/ipc_channel_win.cc, line 346
[Child 63
###!!! [Child][RunMessage] Error: Channel closing: too late to send/recv, messages will be lost

[GPU 9144
###!!! [Child][MessageChannel::SendAndWait] Error: Channel error: cannot send/recv

1542605608750	mozrunner::runner	INFO	Running command: "D:\\software\\firefox\\firefox.exe" "-marionette" "-foreground" "-no-remote" "-profile" "C:\\Users\\10928\\AppData\\Local\\Temp\\rust_mozprofile.t7Rrb2CfYYoS"
1542605612774	Marionette	INFO	Listening on port 50997
1542605613102	Marionette	WARN	TLS certificate errors will be ignored for this session
JavaScript warning: https://qzonestyle.gtimg.cn/c/=/qzone/v8/engine/migrate-plugin.js,/qzone/v8/engine/console-plus/console-plus.js,/qzone/v8/engine/request/request_61221.js,/qzone/v8/core/interface_mini.js?max_age=60628, line 1504: unreachable code after return statement
JavaScript warning: https://qzonestyle.gtimg.cn/qzone/v8/ic/ic_feeds_monitor.js, line 7: unreachable code after return statement
JavaScript warning: https://qzonestyle.gtimg.cn/qzone/v6/qm/qm_100006.js?max_age=900, line 611: unreachable code after return statement
JavaScript warning: https://qzonestyle.gtimg.cn/qzone/v8/animate/app_scroll.js, line 2: unreachable code after return statement
JavaScript warning: https://qzonestyle.gtimg.cn/qzone/photo/v7/js/common/qzone/common.js, line 4: unreachable code after return statement
JavaScript warning: https://qzonestyle.gtimg.cn/c/=/qzone/v8/dress/xextend.js,/qzone/v8/dress/data.js,/qzone/v8/dress/viewbase.js,/qzone/v8/dress/dditem.js,/qzone/v8/dress/menuview_v8.js,/qzone/v8/dress/weather.js,/qzone/v8/dress/visitors.js, line 640: unreachable code after return statement
JavaScript warning: https://qzonestyle.gtimg.cn/qzone/photo/v7/js/common/qzone/common.js, line 4: unreachable code after return statement
JavaScript warning: https://qzonestyle.gtimg.cn/qzone/v8/ic/hotfeeds.js, line 330: unreachable code after return statement
JavaScript warning: https://qzonestyle.gtimg.cn/qzone/v8/index/like.js, line 25: unreachable code after return statement
1542605623377	Marionette	INFO	Stopped listening on port 50997
[Parent 6584, Gecko_IOThread] WARNING: pipe error: 109: file z:/build/build/src/ipc/chromium/src/chrome/common/ipc_channel_win.cc, line 346
[Child 7444, Chrome_ChildThread] WARNING: pipe error: 109: file z:/build/build/src/ipc/chromium/src/chrome/common/ipc_channel_win.cc, line 346
[Child JavaScript error: resource://gre/modules/WebProgressChild.jsm, line 58: TypeError: this.mm.content is null
[Parent 6584, Gecko_IOThread] WARNING: pipe error: 109: file z:/build/build/src/ipc/chromium/src/chrome/common/ipc_channel_win.cc, line 346
JavaScript error: https://qzonestyle.gtimg.cn/qzone/v6/qm/qm_100005.js, line 516: TypeError: gdtCorner is null
[Child 2512, Chrome_ChildThread] WARNING: pipe error: 109: file z:/build/build/src/ipc/chromium/src/chrome/common/ipc_channel_win.cc, line 346

###!!! [Child][MessageChannel] Error: (msgtype=0x4C0010,name=PHttpChannel::Msg___delete__) Channel closing: too late to send/recv, messages will be lost


###!!! [Child][MessageChannel] Error: (msgtype=0x580027,name=PNecko::Msg_RemoveRequestContext) Channel closing: too late to send/recv, messages will be lost

[Child 2512, Chrome_ChildThread] WARNING: pipe error: 109: file z:/build/build/src/ipc/chromium
###!!! [Child][MessageChannel] Error: (msgtype=0x3000BB,name=PContent::Msg_ScriptError) Channel closing: too late to send/recv, messages will be lost

/src/chrome/common/ipc_channel_win.cc, line 346

###!!! [Child][RunMessage] Error: Channel closing: too late to send/recv, messages will be lost


###!!! [Child][MessageChannel] Error: (msgtype=0x3000BB,name=PContent::Msg_ScriptError) Channel closing: too late to send/recv, messages will be lost


###!!! [Child][RunMessage] Error: Channel closing: too late to send/recv, messages will be lost


###!!! [Child][MessageChannel] Error: (msgtype=0x3000BB,name=PContent::Msg_ScriptError) Channel closing: too late to send/recv, messages will be lost


###!!! [Child][RunMessage] Error: Channel closing: too late to send/recv, messages will be lost


###!!! [Child][MessageChannel] Error: (msgtype=0x3000BB,name=PContent::Msg_ScriptError) Channel closing: too late to send/recv, messages will be lost


###!!! [Child][RunMessage] Error: Channel closing: too late to send/recv, messages will be lost


###!!! [Child][MessageChannel] Error: (msgtype=0x3000BB,name=PContent::Msg_ScriptError) Channel closing: too late to send/recv, messages will be lost


###!!! [Child][RunMessage] Error: Channel closing: too late to send/recv, messages will be lost

[Parent 6584, Gecko_IOThread] WARNING: pipe error: 109: file z:/build/build/src/ipc/chromium/src/chrome/common/ipc_channel_win.cc, line 346

###!!! [Child][RunMessage] Error: Channel closing: too late to send/recv, messages will be lost

[GPU 1004, Chro
###!!! [Child][MessageChannel::SendAndWait] Error: Channel error: cannot send/recv

1542605656797	mozrunner::runner	INFO	Running command: "D:\\software\\firefox\\firefox.exe" "-marionette" "-foreground" "-no-remote" "-profile" "C:\\Users\\10928\\AppData\\Local\\Temp\\rust_mozprofile.eU5niLliy9HB"
1542605661046	Marionette	INFO	Listening on port 51193
1542605661140	Marionette	WARN	TLS certificate errors will be ignored for this session
JavaScript warning: https://qzonestyle.gtimg.cn/c/=/qzone/v8/engine/migrate-plugin.js,/qzone/v8/engine/console-plus/console-plus.js,/qzone/v8/engine/request/request_61221.js,/qzone/v8/core/interface_mini.js?max_age=60628, line 1504: unreachable code after return statement
JavaScript warning: https://qzonestyle.gtimg.cn/qzone/v8/ic/ic_feeds_monitor.js, line 7: unreachable code after return statement
JavaScript warning: https://qzonestyle.gtimg.cn/qzone/v6/qm/qm_100006.js?max_age=900, line 611: unreachable code after return statement
JavaScript warning: https://qzonestyle.gtimg.cn/qzone/v8/animate/app_scroll.js, line 2: unreachable code after return statement
JavaScript warning: https://qzonestyle.gtimg.cn/qzone/photo/v7/js/common/qzone/common.js, line 4: unreachable code after return statement
JavaScript warning: https://qzonestyle.gtimg.cn/c/=/qzone/v8/dress/xextend.js,/qzone/v8/dress/data.js,/qzone/v8/dress/viewbase.js,/qzone/v8/dress/dditem.js,/qzone/v8/dress/menuview_v8.js,/qzone/v8/dress/weather.js,/qzone/v8/dress/visitors.js, line 640: unreachable code after return statement
JavaScript warning: https://qzonestyle.gtimg.cn/qzone/photo/v7/js/common/qzone/common.js, line 4: unreachable code after return statement
JavaScript warning: https://qzonestyle.gtimg.cn/qzone/v8/ic/hotfeeds.js, line 330: unreachable code after return statement
JavaScript warning: https://qzonestyle.gtimg.cn/qzone/v8/index/like.js, line 25: unreachable code after return statement
JavaScript warning: https://qzonestyle.gtimg.cn/qzone/v8/ic/popbar.js, line 97: unreachable code after return statement
JavaScript warning: https://qzonestyle.gtimg.cn/qzone/v8/ic/popbar.js, line 97: unreachable code after return statement
1542605673858	Marionette	INFO	Stopped listening on port 51193
[Parent 6036, Gecko_IOThread] WARNING: pipe error: 109: file z:/build/build/src/ipc/chromium/src/chrome/common/ipc_channel_win.cc, line 346
[Child 4840, Chrome_ChildThread] WARNING: pipe error: 109: file z:/build/build/src/ipc/chromium/src/chrome/common/ipc_channel_win.cc, line 346
[Child 4840, Chrome_ChildThread] WARNING: p
###!!! [Child][RunMessage] Error: Channel closing: too late to send/recv, messages will be lost


###!!! [Child][MessageChannel::SendAndWait] Error: Channel error: cannot send/recv

1542605798793	mozrunner::runner	INFO	Running command: "D:\\software\\firefox\\firefox.exe" "-marionette" "-foreground" "-no-remote" "-profile" "C:\\Users\\10928\\AppData\\Local\\Temp\\rust_mozprofile.gLoAklfynL30"
1542605803231	Marionette	INFO	Listening on port 51555
1542605803252	Marionette	WARN	TLS certificate errors will be ignored for this session
JavaScript warning: https://qzonestyle.gtimg.cn/c/=/qzone/v8/engine/migrate-plugin.js,/qzone/v8/engine/console-plus/console-plus.js,/qzone/v8/engine/request/request_61221.js,/qzone/v8/core/interface_mini.js?max_age=60628, line 1504: unreachable code after return statement
JavaScript warning: https://qzonestyle.gtimg.cn/qzone/v8/ic/ic_feeds_monitor.js, line 7: unreachable code after return statement
JavaScript warning: https://qzonestyle.gtimg.cn/qzone/v6/qm/qm_100006.js?max_age=900, line 611: unreachable code after return statement
JavaScript warning: https://qzonestyle.gtimg.cn/qzone/v8/animate/app_scroll.js, line 2: unreachable code after return statement
JavaScript warning: https://qzonestyle.gtimg.cn/c/=/qzone/v8/dress/xextend.js,/qzone/v8/dress/data.js,/qzone/v8/dress/viewbase.js,/qzone/v8/dress/dditem.js,/qzone/v8/dress/menuview_v8.js,/qzone/v8/dress/weather.js,/qzone/v8/dress/visitors.js, line 640: unreachable code after return statement
JavaScript warning: https://qzonestyle.gtimg.cn/qzone/photo/v7/js/common/qzone/common.js, line 4: unreachable code after return statement
JavaScript warning: https://qzonestyle.gtimg.cn/qzone/photo/v7/js/common/qzone/common.js, line 4: unreachable code after return statement
JavaScript warning: https://qzonestyle.gtimg.cn/qzone/v8/ic/hotfeeds.js, line 330: unreachable code after return statement
JavaScript warning: https://qzonestyle.gtimg.cn/qzone/v8/index/like.js, line 25: unreachable code after return statement
1542605813994	Marionette	INFO	Stopped listening on port 51555
JavaScript error: https://qzonestyle.gtimg.cn/qzone/biz/gdt/comm/closemod.js, line 2: TypeError: closeReasonList is null
JavaScript error: https://qzonestyle.gtimg.cn/ac/qzone/qzfl/qzfl_v8_2.1.65.js, line 90: NS_ERROR_NOT_INITIALIZED: 
[Parent 1904, Gecko_IOThread] WARNING: pipe error: 109: file z:/build/build/src/ipc/chromium/src/chrome/common/ipc_channel_win.cc, line 346
[Parent 1904, Gecko_IOThread] WARNING: pipe error: 109: file z:/build/build/src/ipc/chromium/src/chrome/common/ipc_channel_win.cc, line 346

###!!! [Child][RunMessage] Error: Channel closing: too late to send/recv, messages will be lost

[GPU 9196, 
###!!! [Child][MessageChannel::SendAndWait] Error: Channel error: cannot send/recv

1542605924936	mozrunner::runner	INFO	Running command: "D:\\software\\firefox\\firefox.exe" "-marionette" "-foreground" "-no-remote" "-profile" "C:\\Users\\10928\\AppData\\Local\\Temp\\rust_mozprofile.UTDNt21xPRIn"
1542605929041	Marionette	INFO	Listening on port 51880
1542605929296	Marionette	WARN	TLS certificate errors will be ignored for this session
JavaScript warning: https://qzonestyle.gtimg.cn/c/=/qzone/v8/engine/migrate-plugin.js,/qzone/v8/engine/console-plus/console-plus.js,/qzone/v8/engine/request/request_61221.js,/qzone/v8/core/interface_mini.js?max_age=60628, line 1504: unreachable code after return statement
JavaScript warning: https://qzonestyle.gtimg.cn/qzone/v8/ic/ic_feeds_monitor.js, line 7: unreachable code after return statement
JavaScript warning: https://qzonestyle.gtimg.cn/qzone/v6/qm/qm_100006.js?max_age=900, line 611: unreachable code after return statement
JavaScript warning: https://qzonestyle.gtimg.cn/qzone/v8/animate/app_scroll.js, line 2: unreachable code after return statement
JavaScript warning: https://qzonestyle.gtimg.cn/qzone/photo/v7/js/common/qzone/common.js, line 4: unreachable code after return statement
JavaScript warning: https://qzonestyle.gtimg.cn/c/=/qzone/v8/dress/xextend.js,/qzone/v8/dress/data.js,/qzone/v8/dress/viewbase.js,/qzone/v8/dress/dditem.js,/qzone/v8/dress/menuview_v8.js,/qzone/v8/dress/weather.js,/qzone/v8/dress/visitors.js, line 640: unreachable code after return statement
JavaScript warning: https://qzonestyle.gtimg.cn/qzone/photo/v7/js/common/qzone/common.js, line 4: unreachable code after return statement
JavaScript warning: https://qzonestyle.gtimg.cn/qzone/v8/ic/hotfeeds.js, line 330: unreachable code after return statement
JavaScript warning: https://qzonestyle.gtimg.cn/qzone/v8/index/like.js, line 25: unreachable code after return statement
1542605939383	Marionette	INFO	Stopped listening on port 51880
[Parent 4796, Gecko_IOThread] WARNING: pipe error: 109: file z:/build/build/src/ipc/chromium/src/chrome/common/ipc_channel_win.cc, line 346
[Child 6892, Chrome_ChildThread] WARNING: pipe error: 109: file z:/build/build/src/ipc/chromium/src/chrome/common/ipc_channel_win.cc, line 346
[Child 6892,[Parent 4796, Gecko_IOThread] WARNING: pipe error: 109: file z:/build/build/src/ipc/chromium/src/chrome/common/ipc_channel_win.cc, line 346
JavaScript error: resource://gre/modules/WebProgressChild.jsm, line 58: TypeError: this.mm.content is null
[Parent 4796, Gecko_IOThread] WARNING: pipe error: 109: file z:/build/build/src/ipc/chromium/src/chrome/common/ipc_channel_win.cc, line 346

###!!! [Child][RunMessage] Error: Channel closing: too late to send/recv, messages will be lost

[GP
###!!! [Child][MessageChannel::SendAndWait] Error: Channel error: cannot send/recv

1542606946218	mozrunner::runner	INFO	Running command: "D:\\software\\firefox\\firefox.exe" "-marionette" "-foreground" "-no-remote" "-profile" "C:\\Users\\10928\\AppData\\Local\\Temp\\rust_mozprofile.uCrzTYlLEAob"
1542606950284	Marionette	INFO	Listening on port 52142
1542606950684	Marionette	WARN	TLS certificate errors will be ignored for this session
[Child 8508, Chrome_ChildThread] WARNING: pipe error: 109: file z:/build/build/src/ipc/chromium/src/chrome/common/ipc_channel_win.cc, line 346
[Child 8508, Chrome_ChildThread] WARNING: pi[Child 11832, Chrome_ChildThread] WARNING: pipe error: 109: file z:/build/build/src/ipc/chromium/src/chrome/common/ipc_channel_win.cc, line 346
[Child [Parent 10544, Gecko_IOThread] WARNING: pipe error: 109: file z:/build/build/src/ipc/chromium/src/chrome/common/ipc_channel_win.cc, line 346
1542606996112	Marionette	INFO	Stopped listening on port 52142

###!!! [Child][RunMessage] Error: Channel closing: too late to send/recv, messages will be lost

[GPU 560
###!!! [Child][MessageChannel::SendAndWait] Error: Channel error: cannot send/recv

1542606999286	mozrunner::runner	INFO	Running command: "D:\\software\\firefox\\firefox.exe" "-marionette" "-foreground" "-no-remote" "-profile" "C:\\Users\\10928\\AppData\\Local\\Temp\\rust_mozprofile.8ZX7Kys3hYIR"
1542607003241	Marionette	INFO	Listening on port 52206
1542607003742	Marionette	WARN	TLS certificate errors will be ignored for this session
JavaScript warning: https://qzonestyle.gtimg.cn/c/=/qzone/v8/engine/migrate-plugin.js,/qzone/v8/engine/console-plus/console-plus.js,/qzone/v8/engine/request/request_61221.js,/qzone/v8/core/interface_mini.js?max_age=60628, line 1504: unreachable code after return statement
JavaScript warning: https://qzonestyle.gtimg.cn/qzone/v8/ic/ic_feeds_monitor.js, line 7: unreachable code after return statement
JavaScript warning: https://qzonestyle.gtimg.cn/qzone/v6/qm/qm_100006.js?max_age=900, line 611: unreachable code after return statement
JavaScript warning: https://qzonestyle.gtimg.cn/qzone/v8/animate/app_scroll.js, line 2: unreachable code after return statement
JavaScript warning: https://qzonestyle.gtimg.cn/qzone/photo/v7/js/common/qzone/common.js, line 4: unreachable code after return statement
JavaScript warning: https://qzonestyle.gtimg.cn/c/=/qzone/v8/dress/xextend.js,/qzone/v8/dress/data.js,/qzone/v8/dress/viewbase.js,/qzone/v8/dress/dditem.js,/qzone/v8/dress/menuview_v8.js,/qzone/v8/dress/weather.js,/qzone/v8/dress/visitors.js, line 640: unreachable code after return statement
JavaScript warning: https://qzonestyle.gtimg.cn/qzone/photo/v7/js/common/qzone/common.js, line 4: unreachable code after return statement
JavaScript warning: https://qzonestyle.gtimg.cn/qzone/v8/ic/hotfeeds.js, line 330: unreachable code after return statement
JavaScript warning: https://qzonestyle.gtimg.cn/qzone/v8/index/like.js, line 25: unreachable code after return statement
1542607014880	Marionette	INFO	Stopped listening on port 52206
[Child 6616, Chrome_ChildThread] WARNING: pipe error: 109: file z:/build/build/src/ipc/chromium/src/chrome/common/ipc_channel_win.cc, line 346
[Child 6616, Chrome_ChildThread] WARNING: pipe[Child 9636, Chrome_ChildThread] WARNING: pipe error: 109: file z:/build/build/src/ipc/chromium/src/chrome/common/ipc_channel_win.cc, line 346
[Child 9636, Chrome_ChildThread] WARNING: pipe error: 109: file z:/build/build/src/ipc/chromium/src/chrome/common/ipc_channel_win.cc, line 346
[Parent 8408, Gecko_IOThread] WARNING: pipe error: 109: file z:/build/build/src/ipc/chromium/src/chrome/common/ipc_channel_win.cc, line 346
[Child 3396, Chrome_ChildThread] WARNING: pipe error: 109: file z:/build/build/src/ipc/chromium/src/chrome/common/ipc_channel_win.cc, line 346
[Child 3396, Chrom
###!!! [Child][RunMessage] Error: Channel closing: too late to send/recv, messages will be lost

[G
###!!! [Child][MessageChannel::SendAndWait] Error: Channel error: cannot send/recv

1542608570385	mozrunner::runner	INFO	Running command: "D:\\software\\firefox\\firefox.exe" "-marionette" "-foreground" "-no-remote" "-profile" "C:\\Users\\10928\\AppData\\Local\\Temp\\rust_mozprofile.5PuArbBg83j6"
1542608576407	Marionette	INFO	Listening on port 53282
1542608576490	Marionette	WARN	TLS certificate errors will be ignored for this session
JavaScript warning: https://qzonestyle.gtimg.cn/c/=/qzone/v8/engine/migrate-plugin.js,/qzone/v8/engine/console-plus/console-plus.js,/qzone/v8/engine/request/request_61221.js,/qzone/v8/core/interface_mini.js?max_age=60628, line 1504: unreachable code after return statement
JavaScript warning: https://qzonestyle.gtimg.cn/qzone/v8/ic/ic_feeds_monitor.js, line 7: unreachable code after return statement
JavaScript warning: https://qzonestyle.gtimg.cn/qzone/v6/qm/qm_100006.js?max_age=900, line 611: unreachable code after return statement
JavaScript warning: https://qzonestyle.gtimg.cn/qzone/v8/animate/app_scroll.js, line 2: unreachable code after return statement
JavaScript warning: https://qzonestyle.gtimg.cn/qzone/photo/v7/js/common/qzone/common.js, line 4: unreachable code after return statement
JavaScript warning: https://qzonestyle.gtimg.cn/c/=/qzone/v8/dress/xextend.js,/qzone/v8/dress/data.js,/qzone/v8/dress/viewbase.js,/qzone/v8/dress/dditem.js,/qzone/v8/dress/menuview_v8.js,/qzone/v8/dress/weather.js,/qzone/v8/dress/visitors.js, line 640: unreachable code after return statement
JavaScript warning: https://qzonestyle.gtimg.cn/qzone/photo/v7/js/common/qzone/common.js, line 4: unreachable code after return statement
JavaScript warning: https://qzonestyle.gtimg.cn/qzone/v8/ic/hotfeeds.js, line 330: unreachable code after return statement
JavaScript warning: https://qzonestyle.gtimg.cn/qzone/v8/index/like.js, line 25: unreachable code after return statement
JavaScript warning: https://qzonestyle.gtimg.cn/qzone/v8/ic/popbar.js, line 97: unreachable code after return statement
JavaScript warning: https://qzonestyle.gtimg.cn/qzone/v8/ic/popbar.js, line 97: unreachable code after return statement
JavaScript warning: https://qzonestyle.gtimg.cn/qzone/photo/v7/js/common/viewer2/index.js, line 254: unreachable code after return statement
[Parent 5772, Gecko_IOThread] WARNING: pipe error: 109: file z:/build/build/src/ipc/chromium/src/chrome/common/ipc_channel_win.cc, line 346
[Parent 5772, Gecko_IOThread] WARNING: pipe error: 109: file z:/build/bui[Child 9544, Chrome_ChildThread] WARNING: pipe error: 109: fil
###!!! [Child][RunMessage] Error: Channel closing: too late to send/recv, messages will be lost

e z:/build/build/src/ipc/chromium/src/chrome/common/ipc_channel_win.cc, line 346
[Child 9544, Chr[Parent 4916, Gecko_IOThread] WARNING: pipe error: 109: file z:/build/build/src/ipc/chromium/src/chrome/common/ipc_channel_win.cc, line 346
[Child 4232, Chrome_ChildThread] WARNING: pipe error: 109: file z:/build/build/src/ipc/chromium/src/chrome/common/ipc_channel_win.cc, line 346
[Child 4232JavaScript error: , line 0: AbortError: A request was aborted, for example through a call to IDBTransaction.abort.

###!!! [Child][RunMessage] Error: Channel closing: too late to send/recv, messages will be lost

[GPU 360,
###!!! [Child][MessageChannel::SendAndWait] Error: Channel error: cannot send/recv

1542608717242	mozrunner::runner	INFO	Running command: "D:\\software\\firefox\\firefox.exe" "-marionette" "-foreground" "-no-remote" "-profile" "C:\\Users\\10928\\AppData\\Local\\Temp\\rust_mozprofile.V7OG1bSndX3C"
1542608721212	Marionette	INFO	Listening on port 53553
1542608721623	Marionette	WARN	TLS certificate errors will be ignored for this session
JavaScript error: resource://activity-stream/lib/ActivityStreamPrefs.jsm, line 29: NS_ERROR_ILLEGAL_VALUE: Component returned failure code: 0x80070057 (NS_ERROR_ILLEGAL_VALUE) [nsIPrefBranch.removeObserver]
JavaScript error: resource:///modules/ContentMetaHandler.jsm, line 156: NS_ERROR_ILLEGAL_VALUE: 
[Parent 13864, Gecko_IOThread] WARNING: pipe error: 109: file z:/build/build/src/ipc/chromium/src/chrome/common/ipc_channel_win.cc, line 346
[Child 14312, Chrome_ChildThread] WARNING: pipe error: 109: file z:/build/build/src/ipc/chromium/src/chrome/common/ipc_channel_win.cc, line 346
[Child 14312, Chrome_ChildThread] WARNING: pipe error: 109: file z[Parent 13864, Gecko_IOThread] WARNING: pipe error: 109: file z:/build/build/src/ipc/chromium/src/chrome/common/ipc_channel_win.cc, line 346
[Child 14296, Chrome_ChildThread] WARNING: pipe error: 109: file z:/build/build/src/ipc/chromium/src/chrome/common/ipc_channel_win.cc, line 346
[Child 14JavaScript error: resource://gre/modules/Sqlite.jsm, line 841: Error: Connection is not open.
console.error: 
  [Exception... "Component returned failure code: 0x80004005 (NS_ERROR_FAILURE) [nsIAppShellService.hiddenDOMWindow]"  nsresult: "0x80004005 (NS_ERROR_FAILURE)"  location: "JS frame :: resource://activity-stream/lib/DownloadsManager.jsm :: init :: line 62"  data: no]: init@resource://activity-stream/lib/DownloadsManager.jsm:62:5
postInit@resource://activity-stream/lib/HighlightsFeed.jsm:60:5
handler@resource://gre/modules/EventEmitter.jsm:94:11
emit@resource://gre/modules/EventEmitter.jsm:149:11
init@resource://activity-stream/lib/SectionsManager.jsm:120:5
observe@resource://gre/modules/AsyncShutdown.jsm:541:9

1542608727091	Marionette	INFO	Stopped listening on port 53553

###!!! [Child][RunMessage] Error: Channel closing: too late to send/recv, messages will be lost

[GPU 1411
###!!! [Child][MessageChannel::SendAndWait] Error: Channel error: cannot send/recv

1542608741427	mozrunner::runner	INFO	Running command: "D:\\software\\firefox\\firefox.exe" "-marionette" "-foreground" "-no-remote" "-profile" "C:\\Users\\10928\\AppData\\Local\\Temp\\rust_mozprofile.SpMA0o8YCX35"
1542608745646	Marionette	INFO	Listening on port 53607
1542608745938	Marionette	WARN	TLS certificate errors will be ignored for this session
JavaScript warning: https://qzonestyle.gtimg.cn/c/=/qzone/v8/engine/migrate-plugin.js,/qzone/v8/engine/console-plus/console-plus.js,/qzone/v8/engine/request/request_61221.js,/qzone/v8/core/interface_mini.js?max_age=60628, line 1504: unreachable code after return statement
JavaScript warning: https://qzonestyle.gtimg.cn/qzone/v8/ic/ic_feeds_monitor.js, line 7: unreachable code after return statement
JavaScript warning: https://qzonestyle.gtimg.cn/qzone/v6/qm/qm_100006.js?max_age=900, line 611: unreachable code after return statement
JavaScript warning: https://qzonestyle.gtimg.cn/qzone/v8/animate/app_scroll.js, line 2: unreachable code after return statement
JavaScript warning: https://qzonestyle.gtimg.cn/qzone/photo/v7/js/common/qzone/common.js, line 4: unreachable code after return statement
JavaScript warning: https://qzonestyle.gtimg.cn/c/=/qzone/v8/dress/xextend.js,/qzone/v8/dress/data.js,/qzone/v8/dress/viewbase.js,/qzone/v8/dress/dditem.js,/qzone/v8/dress/menuview_v8.js,/qzone/v8/dress/weather.js,/qzone/v8/dress/visitors.js, line 640: unreachable code after return statement
JavaScript warning: https://qzonestyle.gtimg.cn/qzone/photo/v7/js/common/qzone/common.js, line 4: unreachable code after return statement
JavaScript warning: https://qzonestyle.gtimg.cn/qzone/v8/ic/hotfeeds.js, line 330: unreachable code after return statement
JavaScript warning: https://qzonestyle.gtimg.cn/qzone/v8/index/like.js, line 25: unreachable code after return statement
JavaScript warning: https://qzonestyle.gtimg.cn/qzone/v8/ic/popbar.js, line 97: unreachable code after return statement
JavaScript warning: https://qzonestyle.gtimg.cn/qzone/v8/ic/popbar.js, line 97: unreachable code after return statement
1542608756094	Marionette	INFO	Stopped listening on port 53607
[Parent 9860, Gecko_IOThread] WARNING: pipe error: 109: file z:/build/build/src/ipc/chromium/src/chrome/common/ipc_channel_win.cc, line 346
JavaScript error: https://qzonestyle.gtimg.cn/qzone/biz/gdt/comm/closemod.js, line 2: TypeError: closeReasonList is null
[Child 4280, Chrome_ChildThread] WARNING: pipe error: 109: file z:/build/build/src/ipc/chromium/src/chrome/common/ipc_channel_win.cc, line 346
[Child 4280, [Parent 9860, Gecko_IOThread] WARNING: pipe error: 109: file z:/build/build/src/ipc/chromium/src/chrome/common/ipc_channel_win.cc, line 346

###!!! [Child][RunMessage] Error: Channel closing: too late to send/recv, messages will be lost

[GPU 13548, Chrome_ChildThread] WARNING: pipe error: 109: file z:/build/build/src/ipc/chromium/src/chrome/common/i
###!!! [Child][MessageChannel::SendAndWait] Error: Channel error: cannot send/recv

1542608970791	mozrunner::runner	INFO	Running command: "D:\\software\\firefox\\firefox.exe" "-marionette" "-foreground" "-no-remote" "-profile" "C:\\Users\\10928\\AppData\\Local\\Temp\\rust_mozprofile.SPMMMdkeDp68"
1542608974591	Marionette	INFO	Listening on port 53840
1542608974631	Marionette	WARN	TLS certificate errors will be ignored for this session
JavaScript warning: https://qzonestyle.gtimg.cn/c/=/qzone/v8/engine/migrate-plugin.js,/qzone/v8/engine/console-plus/console-plus.js,/qzone/v8/engine/request/request_61221.js,/qzone/v8/core/interface_mini.js?max_age=60628, line 1504: unreachable code after return statement
JavaScript warning: https://qzonestyle.gtimg.cn/qzone/v8/ic/ic_feeds_monitor.js, line 7: unreachable code after return statement
JavaScript warning: https://qzonestyle.gtimg.cn/qzone/v6/qm/qm_100006.js?max_age=900, line 611: unreachable code after return statement
JavaScript warning: https://qzonestyle.gtimg.cn/qzone/v8/animate/app_scroll.js, line 2: unreachable code after return statement
JavaScript warning: https://qzonestyle.gtimg.cn/qzone/photo/v7/js/common/qzone/common.js, line 4: unreachable code after return statement
JavaScript warning: https://qzonestyle.gtimg.cn/c/=/qzone/v8/dress/xextend.js,/qzone/v8/dress/data.js,/qzone/v8/dress/viewbase.js,/qzone/v8/dress/dditem.js,/qzone/v8/dress/menuview_v8.js,/qzone/v8/dress/weather.js,/qzone/v8/dress/visitors.js, line 640: unreachable code after return statement
JavaScript warning: https://qzonestyle.gtimg.cn/qzone/photo/v7/js/common/qzone/common.js, line 4: unreachable code after return statement
JavaScript warning: https://qzonestyle.gtimg.cn/qzone/v8/ic/hotfeeds.js, line 330: unreachable code after return statement
JavaScript warning: https://qzonestyle.gtimg.cn/qzone/v8/index/like.js, line 25: unreachable code after return statement
JavaScript warning: https://qzonestyle.gtimg.cn/qzone/v8/ic/popbar.js, line 97: unreachable code after return statement
JavaScript warning: https://qzonestyle.gtimg.cn/qzone/v8/ic/popbar.js, line 97: unreachable code after return statement
1542608985361	Marionette	INFO	Stopped listening on port 53840
[Child 1208, Chrome_ChildThread] WARNING: pipe error: 109: file z:/build/build/src/ipc/chromium/src/chrome/common/ipc_channel_win.cc, line 346
[Child 1208, Chrome_ChildThread] WARNING: pipe error: 109: file z:/build/build/src/ipc/chromium/src/chrome/common/ipc_channel_win.cc, line 346
JavaScript error: https://qzonestyle.gtimg.cn/qzone/photo/zone/script/Mod_FriendHotPhoto.js, line 222: NS_ERROR_NOT_INITIALIZED: 
JavaScript error: resource://gre/modules/WebProgressChild.jsm, line 58: TypeError: this.mm.content is null
[Child 10072, Chrome_ChildThread] WARNING: pipe error: 109: file z:/build/build/src/ipc/chromium/src/chrome/common/ipc_channel_win.cc, line 346

###!!! [Child][MessageChannel] Error: (msgtype=0x580027,name=PNecko::Msg_RemoveRequestContext) Channel closing: too late to send/recv, messages will be lost

[Chil
###!!! [Child][RunMessage] Error: Channel closing: too late to send/recv, messages will be lost

d 10072, Chrome_ChildThread] WARNING[Parent 14148, Gecko_IOThread] WARNING: pipe error: 109: file z:/build/build/src/ipc/chromium/src/chrome/common/ipc_channel_win.cc, line 346
[Child 12612, Chrome_ChildThread] WARNING: pipe error: 109: file z:/build/build/src/ipc/chromium/src/chrome/common/ipc_channel_win.cc, line 346
[Child 1
###!!! [Child][RunMessage] Error: Channel closing: too late to send/recv, messages will be lost

[GPU
###!!! [Child][MessageChannel::SendAndWait] Error: Channel error: cannot send/recv

1542609022444	mozrunner::runner	INFO	Running command: "D:\\software\\firefox\\firefox.exe" "-marionette" "-foreground" "-no-remote" "-profile" "C:\\Users\\10928\\AppData\\Local\\Temp\\rust_mozprofile.8E6dZFpa5307"
1542609026318	Marionette	INFO	Listening on port 54126
1542609026797	Marionette	WARN	TLS certificate errors will be ignored for this session
JavaScript warning: https://qzonestyle.gtimg.cn/c/=/qzone/v8/engine/migrate-plugin.js,/qzone/v8/engine/console-plus/console-plus.js,/qzone/v8/engine/request/request_61221.js,/qzone/v8/core/interface_mini.js?max_age=60628, line 1504: unreachable code after return statement
JavaScript warning: https://qzonestyle.gtimg.cn/qzone/v8/ic/ic_feeds_monitor.js, line 7: unreachable code after return statement
JavaScript warning: https://qzonestyle.gtimg.cn/qzone/v6/qm/qm_100006.js?max_age=900, line 611: unreachable code after return statement
JavaScript warning: https://qzonestyle.gtimg.cn/qzone/v8/animate/app_scroll.js, line 2: unreachable code after return statement
JavaScript warning: https://qzonestyle.gtimg.cn/qzone/photo/v7/js/common/qzone/common.js, line 4: unreachable code after return statement
JavaScript warning: https://qzonestyle.gtimg.cn/c/=/qzone/v8/dress/xextend.js,/qzone/v8/dress/data.js,/qzone/v8/dress/viewbase.js,/qzone/v8/dress/dditem.js,/qzone/v8/dress/menuview_v8.js,/qzone/v8/dress/weather.js,/qzone/v8/dress/visitors.js, line 640: unreachable code after return statement
JavaScript warning: https://qzonestyle.gtimg.cn/qzone/photo/v7/js/common/qzone/common.js, line 4: unreachable code after return statement
JavaScript warning: https://qzonestyle.gtimg.cn/qzone/v8/ic/hotfeeds.js, line 330: unreachable code after return statement
JavaScript warning: https://qzonestyle.gtimg.cn/qzone/v8/index/like.js, line 25: unreachable code after return statement
1542609037489	Marionette	INFO	Stopped listening on port 54126
[Parent 8360, Gecko_IOThread] WARNING: pipe error: 109: file z:/build/build/src/ipc/chromium/src/chrome/common/ipc_channel_win.cc, line 346
[Child 5792, Chrome_ChildThread] WARNING: pipe error: 109: file z:/build/build/src/ipc/chromium/src/chrome/common/ipc_channel_win.cc, line 346
[Child 5792
###!!! [Child][RunMessage] Error: Channel closing: too late to send/recv, messages will be lost

[GPU 1
###!!! [Child][MessageChannel::SendAndWait] Error: Channel error: cannot send/recv

1542610395714	mozrunner::runner	INFO	Running command: "D:\\software\\firefox\\firefox.exe" "-marionette" "-foreground" "-no-remote" "-profile" "C:\\Users\\10928\\AppData\\Local\\Temp\\rust_mozprofile.nUBdRWifgzxe"
1542610399574	Marionette	INFO	Listening on port 54989
1542610400068	Marionette	WARN	TLS certificate errors will be ignored for this session
JavaScript warning: https://qzonestyle.gtimg.cn/c/=/qzone/v8/engine/migrate-plugin.js,/qzone/v8/engine/console-plus/console-plus.js,/qzone/v8/engine/request/request_61221.js,/qzone/v8/core/interface_mini.js?max_age=60628, line 1504: unreachable code after return statement
JavaScript warning: https://qzonestyle.gtimg.cn/qzone/v8/ic/ic_feeds_monitor.js, line 7: unreachable code after return statement
JavaScript warning: https://qzonestyle.gtimg.cn/qzone/v6/qm/qm_100006.js?max_age=900, line 611: unreachable code after return statement
JavaScript warning: https://qzonestyle.gtimg.cn/qzone/photo/v7/js/common/qzone/common.js, line 4: unreachable code after return statement
JavaScript warning: https://qzonestyle.gtimg.cn/qzone/v8/animate/app_scroll.js, line 2: unreachable code after return statement
JavaScript warning: https://qzonestyle.gtimg.cn/c/=/qzone/v8/dress/xextend.js,/qzone/v8/dress/data.js,/qzone/v8/dress/viewbase.js,/qzone/v8/dress/dditem.js,/qzone/v8/dress/menuview_v8.js,/qzone/v8/dress/weather.js,/qzone/v8/dress/visitors.js, line 640: unreachable code after return statement
JavaScript warning: https://qzonestyle.gtimg.cn/qzone/photo/v7/js/common/qzone/common.js, line 4: unreachable code after return statement
JavaScript warning: https://qzonestyle.gtimg.cn/qzone/v8/ic/videoManager/videoManager.js, line 10: unreachable code after return statement
JavaScript warning: https://qzonestyle.gtimg.cn/qzone/v8/ic/hotfeeds.js, line 330: unreachable code after return statement
JavaScript error: https://qzonestyle.gtimg.cn/qzone/hybrid/common/videoPlayer/index.js, line 75: InvalidStateError: An attempt was made to use an object that is not, or is no longer, usable
JavaScript warning: https://qzonestyle.gtimg.cn/qzone/v8/index/like.js, line 25: unreachable code after return statement
1542610410554	Marionette	INFO	Stopped listening on port 54989
JavaScript error: https://qzonestyle.gtimg.cn/ac/qzone/qzfl/qzfl_v8_2.1.65.js, line 90: NS_ERROR_NOT_INITIALIZED: 

###!!! [Child][RunMessage] Error: Channel closing: too late to send/recv, messages will be lost

[Child 1020, Chrome_Ch[Parent 14036, Gecko_IOThread] WARNING: pipe error: 109: file z:/build/build/src/ipc/chromium/src/chrome/common/ipc_channel_win.cc, line 346
[Child 13520, Chrome_ChildThread] WARNING: pipe error: 109: file z:/build/build/src/ipc/chromium/src/chrome/common/ipc_channel_win.cc, line 346
[Child
###!!! [Child][RunMessage] Error: Channel closing: too late to send/recv, messages will be lost

[GPU
###!!! [Child][MessageChannel::SendAndWait] Error: Channel error: cannot send/recv

1542610556611	mozrunner::runner	INFO	Running command: "D:\\software\\firefox\\firefox.exe" "-marionette" "-foreground" "-no-remote" "-profile" "C:\\Users\\10928\\AppData\\Local\\Temp\\rust_mozprofile.Q7ckEpkOmiFo"
1542610560334	Marionette	INFO	Listening on port 55198
1542610560462	Marionette	WARN	TLS certificate errors will be ignored for this session
JavaScript warning: https://qzonestyle.gtimg.cn/c/=/qzone/v8/engine/migrate-plugin.js,/qzone/v8/engine/console-plus/console-plus.js,/qzone/v8/engine/request/request_61221.js,/qzone/v8/core/interface_mini.js?max_age=60628, line 1504: unreachable code after return statement
JavaScript warning: https://qzonestyle.gtimg.cn/qzone/v8/ic/ic_feeds_monitor.js, line 7: unreachable code after return statement
JavaScript warning: https://qzonestyle.gtimg.cn/qzone/v6/qm/qm_100006.js?max_age=900, line 611: unreachable code after return statement
JavaScript warning: https://qzonestyle.gtimg.cn/qzone/v8/animate/app_scroll.js, line 2: unreachable code after return statement
JavaScript warning: https://qzonestyle.gtimg.cn/c/=/qzone/v8/dress/xextend.js,/qzone/v8/dress/data.js,/qzone/v8/dress/viewbase.js,/qzone/v8/dress/dditem.js,/qzone/v8/dress/menuview_v8.js,/qzone/v8/dress/weather.js,/qzone/v8/dress/visitors.js, line 640: unreachable code after return statement
JavaScript warning: https://qzonestyle.gtimg.cn/qzone/photo/v7/js/common/qzone/common.js, line 4: unreachable code after return statement
JavaScript warning: https://qzonestyle.gtimg.cn/qzone/photo/v7/js/common/qzone/common.js, line 4: unreachable code after return statement
JavaScript warning: https://qzonestyle.gtimg.cn/qzone/v8/ic/hotfeeds.js, line 330: unreachable code after return statement
JavaScript warning: https://qzonestyle.gtimg.cn/qzone/v8/index/like.js, line 25: unreachable code after return statement
JavaScript warning: https://qzonestyle.gtimg.cn/qzone/v8/ic/popbar.js, line 97: unreachable code after return statement
JavaScript warning: https://qzonestyle.gtimg.cn/qzone/v8/ic/popbar.js, line 97: unreachable code after return statement
1542610571177	Marionette	INFO	Stopped listening on port 55198
[Child 12712, Chrome_ChildThread] WARNING: pipe error: 109: file z:/build/build/src/ipc/chromium/src/chrome/common/ipc_channel_win.cc, line 346
[Child 12712, Chrome_ChildThread] WARNING: pipe error: 109: file z:/build/build/src/ipc/chromium/src/chrome/commonJavaScript error: resource://gre/modules/WebProgressChild.jsm, line 58: TypeError: this.mm.content is null
[Parent 13352, Gecko_IOThread] WARNING: pipe error: 109: file z:/build/build/src/ipc/chromium/src/chrome/common/ipc_channel_win.cc, line 346
[Parent 13352, Gecko_IOThread] WARNING: pipe error: 109: file z:/build/build/src/ipc/chromium/src/chrome/common/ipc_channel_win.cc, line 346

###!!! [Child][RunMessage] Error: Channel closing: too late to send/recv, messages will be lost

[GPU 7208
###!!! [Child][MessageChannel::SendAndWait] Error: Channel error: cannot send/recv

1542611039215	mozrunner::runner	INFO	Running command: "D:\\software\\firefox\\firefox.exe" "-marionette" "-foreground" "-no-remote" "-profile" "C:\\Users\\10928\\AppData\\Local\\Temp\\rust_mozprofile.6XiStzPKo68y"
1542611042829	Marionette	INFO	Listening on port 55699
1542611043051	Marionette	WARN	TLS certificate errors will be ignored for this session
JavaScript warning: https://qzonestyle.gtimg.cn/c/=/qzone/v8/engine/migrate-plugin.js,/qzone/v8/engine/console-plus/console-plus.js,/qzone/v8/engine/request/request_61221.js,/qzone/v8/core/interface_mini.js?max_age=60628, line 1504: unreachable code after return statement
JavaScript warning: https://qzonestyle.gtimg.cn/qzone/v8/ic/ic_feeds_monitor.js, line 7: unreachable code after return statement
JavaScript warning: https://qzonestyle.gtimg.cn/qzone/v6/qm/qm_100006.js?max_age=900, line 611: unreachable code after return statement
JavaScript warning: https://qzonestyle.gtimg.cn/qzone/v8/animate/app_scroll.js, line 2: unreachable code after return statement
JavaScript warning: https://qzonestyle.gtimg.cn/qzone/photo/v7/js/common/qzone/common.js, line 4: unreachable code after return statement
JavaScript warning: https://qzonestyle.gtimg.cn/c/=/qzone/v8/dress/xextend.js,/qzone/v8/dress/data.js,/qzone/v8/dress/viewbase.js,/qzone/v8/dress/dditem.js,/qzone/v8/dress/menuview_v8.js,/qzone/v8/dress/weather.js,/qzone/v8/dress/visitors.js, line 640: unreachable code after return statement
JavaScript warning: https://qzonestyle.gtimg.cn/qzone/photo/v7/js/common/qzone/common.js, line 4: unreachable code after return statement
JavaScript warning: https://qzonestyle.gtimg.cn/qzone/v8/ic/hotfeeds.js, line 330: unreachable code after return statement
JavaScript warning: https://qzonestyle.gtimg.cn/qzone/v8/index/like.js, line 25: unreachable code after return statement
JavaScript warning: https://qzonestyle.gtimg.cn/qzone/v8/ic/popbar.js, line 97: unreachable code after return statement
JavaScript warning: https://qzonestyle.gtimg.cn/qzone/v8/ic/popbar.js, line 97: unreachable code after return statement
1542611052955	Marionette	INFO	Stopped listening on port 55699
[Child 6452, Chrome_ChildThread] WARNING: pipe error: 109: file z:/build/build/src/ipc/chromium/src/chrome/common/ipc_channel_win.cc, line 346
[Child 6452, Ch[Parent 11140, Gecko_IOThread] WARNING: pipe error: 109: file z:/build/build/src/ipc/chromium/src/chrome/common/ipc_channel_win.cc, line 346
[Child 13880, Chrome_ChildThread] WARNING: pipe error: 109: file z:/build/build/src/ipc/chromium/src/chrome/common/ipc_channel_win.cc, line 346
[Child 13880, Chrome_ChildThread] WARNING: pipe error: 109:
###!!! [Child][RunMessage] Error: Channel closing: too late to send/recv, messages will be lost

[GP
###!!! [Child][MessageChannel::SendAndWait] Error: Channel error: cannot send/recv

